<?xml version="1.0" ?>
<coverage branch-rate="0" branches-covered="0" branches-valid="0" complexity="0" line-rate="0.9474" lines-covered="18" lines-valid="19" timestamp="1583806081714" version="5.0.3">
	<!-- Generated by coverage.py: https://coverage.readthedocs.io -->
	<!-- Based on https://raw.githubusercontent.com/cobertura/web/master/htdocs/xml/coverage-04.dtd -->
	<sources>
		<source>/Users/w-akita/Documents/勉強/技術支援部特別講義/work/python</source>
	</sources>
	<packages>
		<package branch-rate="0" complexity="0" line-rate="0.9474" name=".">
			<classes>
				<class branch-rate="0" complexity="0" filename="test_parkinglot.py" line-rate="1" name="test_parkinglot.py">
					<methods/>
					<lines/>
				</class>
				<class branch-rate="0" complexity="0" filename="test_user_type.py" line-rate="0.9333" name="test_user_type.py">
					<methods/>
					<lines>
						<line hits="1" number="1"/>
						<line hits="1" number="2"/>
						<line hits="1" number="4"/>
						<line hits="1" number="5"/>
						<line hits="1" number="6"/>
						<line hits="1" number="7"/>
						<line hits="1" number="8"/>
						<line hits="1" number="10"/>
						<line hits="1" number="11"/>
						<line hits="1" number="12"/>
						<line hits="1" number="14"/>
						<line hits="1" number="15"/>
						<line hits="1" number="16"/>
						<line hits="1" number="18"/>
						<line hits="0" number="19"/>
					</lines>
				</class>
				<class branch-rate="0" complexity="0" filename="user_type.py" line-rate="1" name="user_type.py">
					<methods/>
					<lines>
						<line hits="1" number="1"/>
						<line hits="1" number="2"/>
						<line hits="1" number="3"/>
						<line hits="1" number="5"/>
					</lines>
				</class>
			</classes>
		</package>
	</packages>
</coverage>
